2017-05-27 19:32:02 ==========================
Daemon Start
2017-05-27 19:32:02 ==========================
Total number of bytes -> 102.1224 
Number of free bytes -> 97.0810 
Number of busy bytes -> 5.0414 

2017-05-27 19:33:02 ==========================
Total number of bytes -> 102.1224 
Number of free bytes -> 97.0810 
Number of busy bytes -> 5.0414 

2017-05-27 19:34:02 ==========================
Total number of bytes -> 102.1224 
Number of free bytes -> 97.0809 
Number of busy bytes -> 5.0414 

2017-05-27 19:35:02 ==========================
Total number of bytes -> 102.1224 
Number of free bytes -> 97.0810 
Number of busy bytes -> 5.0414 

2017-05-27 19:36:02 ==========================
Total number of bytes -> 102.1224 
Number of free bytes -> 97.0810 
Number of busy bytes -> 5.0414 

2017-05-27 19:37:02 ==========================
Total number of bytes -> 102.1224 
Number of free bytes -> 97.0809 
Number of busy bytes -> 5.0414 

2017-05-27 19:38:02 ==========================
Total number of bytes -> 102.1224 
Number of free bytes -> 97.0809 
Number of busy bytes -> 5.0414 

2017-05-27 19:39:02 ==========================
Total number of bytes -> 102.1224 
Number of free bytes -> 97.0809 
Number of busy bytes -> 5.0414 

2017-05-27 19:40:02 ==========================
Total number of bytes -> 102.1224 
Number of free bytes -> 97.0809 
Number of busy bytes -> 5.0414 

2017-05-27 19:41:02 ==========================
Total number of bytes -> 102.1224 
Number of free bytes -> 97.0809 
Number of busy bytes -> 5.0414 

2017-05-27 19:42:02 ==========================
Total number of bytes -> 102.1224 
Number of free bytes -> 97.0809 
Number of busy bytes -> 5.0414 

2017-05-27 19:43:02 ==========================
Total number of bytes -> 102.1224 
Number of free bytes -> 97.0810 
Number of busy bytes -> 5.0414 

2017-05-27 19:44:02 ==========================
Total number of bytes -> 102.1224 
Number of free bytes -> 97.0810 
Number of busy bytes -> 5.0414 

2017-05-27 19:45:02 ==========================
Total number of bytes -> 102.1224 
Number of free bytes -> 97.0810 
Number of busy bytes -> 5.0414 

2017-05-27 19:46:02 ==========================
Total number of bytes -> 102.1224 
Number of free bytes -> 97.0810 
Number of busy bytes -> 5.0414 

2017-05-27 19:47:02 ==========================
Total number of bytes -> 102.1224 
Number of free bytes -> 97.0810 
Number of busy bytes -> 5.0414 

2017-05-27 19:48:02 ==========================
Total number of bytes -> 102.1224 
Number of free bytes -> 97.0810 
Number of busy bytes -> 5.0414 

2017-05-27 19:49:02 ==========================
Total number of bytes -> 102.1224 
Number of free bytes -> 97.0810 
Number of busy bytes -> 5.0414 

2017-05-27 19:50:02 ==========================
Total number of bytes -> 102.1224 
Number of free bytes -> 97.0810 
Number of busy bytes -> 5.0414 

2017-05-27 19:51:02 ==========================
Total number of bytes -> 102.1224 
Number of free bytes -> 97.0810 
Number of busy bytes -> 5.0414 

2017-05-27 19:52:02 ==========================
Total number of bytes -> 102.1224 
Number of free bytes -> 97.0810 
Number of busy bytes -> 5.0414 

2017-05-27 19:53:02 ==========================
Total number of bytes -> 102.1224 
Number of free bytes -> 97.0810 
Number of busy bytes -> 5.0414 

2017-05-27 19:54:02 ==========================
Total number of bytes -> 102.1224 
Number of free bytes -> 97.0810 
Number of busy bytes -> 5.0414 

2017-05-27 19:55:02 ==========================
Total number of bytes -> 102.1224 
Number of free bytes -> 97.0810 
Number of busy bytes -> 5.0414 

2017-05-27 19:56:02 ==========================
Total number of bytes -> 102.1224 
Number of free bytes -> 97.0810 
Number of busy bytes -> 5.0414 

2017-05-27 19:57:02 ==========================
Total number of bytes -> 102.1224 
Number of free bytes -> 97.0810 
Number of busy bytes -> 5.0414 

2017-05-27 19:58:02 ==========================
Total number of bytes -> 102.1224 
Number of free bytes -> 97.0810 
Number of busy bytes -> 5.0414 

2017-05-27 19:59:02 ==========================
Total number of bytes -> 102.1224 
Number of free bytes -> 97.0810 
Number of busy bytes -> 5.0414 

2017-05-27 20:00:02 ==========================
Total number of bytes -> 102.1224 
Number of free bytes -> 97.0809 
Number of busy bytes -> 5.0414 

2017-05-27 20:01:02 ==========================
Total number of bytes -> 102.1224 
Number of free bytes -> 97.0809 
Number of busy bytes -> 5.0414 

2017-05-27 20:02:02 ==========================
Total number of bytes -> 102.1224 
Number of free bytes -> 97.0809 
Number of busy bytes -> 5.0414 

2017-05-27 20:03:02 ==========================
Total number of bytes -> 102.1224 
Number of free bytes -> 97.0809 
Number of busy bytes -> 5.0414 

2017-05-27 20:04:02 ==========================
Total number of bytes -> 102.1224 
Number of free bytes -> 97.0809 
Number of busy bytes -> 5.0414 

2017-05-27 20:05:02 ==========================
Total number of bytes -> 102.1224 
Number of free bytes -> 97.0809 
Number of busy bytes -> 5.0414 

2017-05-27 20:06:02 ==========================
Total number of bytes -> 102.1224 
Number of free bytes -> 97.0810 
Number of busy bytes -> 5.0414 

2017-05-27 20:07:02 ==========================
Total number of bytes -> 102.1224 
Number of free bytes -> 97.0810 
Number of busy bytes -> 5.0414 

2017-05-27 20:08:02 ==========================
Total number of bytes -> 102.1224 
Number of free bytes -> 97.0810 
Number of busy bytes -> 5.0414 

2017-05-27 20:09:02 ==========================
Total number of bytes -> 102.1224 
Number of free bytes -> 97.0810 
Number of busy bytes -> 5.0414 

2017-05-27 20:10:02 ==========================
Total number of bytes -> 102.1224 
Number of free bytes -> 97.0810 
Number of busy bytes -> 5.0414 

2017-05-27 20:11:02 ==========================
Total number of bytes -> 102.1224 
Number of free bytes -> 97.0810 
Number of busy bytes -> 5.0414 

2017-05-27 20:12:02 ==========================
Total number of bytes -> 102.1224 
Number of free bytes -> 97.0810 
Number of busy bytes -> 5.0414 

2017-05-27 20:13:02 ==========================
Total number of bytes -> 102.1224 
Number of free bytes -> 97.0810 
Number of busy bytes -> 5.0414 

2017-05-27 20:14:02 ==========================
Total number of bytes -> 102.1224 
Number of free bytes -> 97.0810 
Number of busy bytes -> 5.0414 

2017-05-27 20:15:02 ==========================
Total number of bytes -> 102.1224 
Number of free bytes -> 97.0810 
Number of busy bytes -> 5.0414 

2017-05-27 20:16:02 ==========================
Total number of bytes -> 102.1224 
Number of free bytes -> 97.0810 
Number of busy bytes -> 5.0414 

2017-05-27 20:17:02 ==========================
Total number of bytes -> 102.1224 
Number of free bytes -> 97.0810 
Number of busy bytes -> 5.0414 

2017-05-27 20:18:02 ==========================
Total number of bytes -> 102.1224 
Number of free bytes -> 97.0810 
Number of busy bytes -> 5.0414 

2017-05-27 20:19:02 ==========================
Total number of bytes -> 102.1224 
Number of free bytes -> 97.0810 
Number of busy bytes -> 5.0414 

2017-05-27 20:20:02 ==========================
Total number of bytes -> 102.1224 
Number of free bytes -> 97.0810 
Number of busy bytes -> 5.0414 

2017-05-27 20:21:02 ==========================
Total number of bytes -> 102.1224 
Number of free bytes -> 97.0810 
Number of busy bytes -> 5.0414 

2017-05-27 20:22:02 ==========================
Total number of bytes -> 102.1224 
Number of free bytes -> 97.0808 
Number of busy bytes -> 5.0415 

2017-05-27 20:23:02 ==========================
Total number of bytes -> 102.1224 
Number of free bytes -> 97.0808 
Number of busy bytes -> 5.0415 

2017-05-27 20:24:02 ==========================
Total number of bytes -> 102.1224 
Number of free bytes -> 97.0808 
Number of busy bytes -> 5.0415 

2017-05-27 20:25:02 ==========================
Total number of bytes -> 102.1224 
Number of free bytes -> 97.0808 
Number of busy bytes -> 5.0415 

2017-05-27 20:26:02 ==========================
Total number of bytes -> 102.1224 
Number of free bytes -> 97.0808 
Number of busy bytes -> 5.0415 

2017-05-27 20:27:02 ==========================
Total number of bytes -> 102.1224 
Number of free bytes -> 97.0808 
Number of busy bytes -> 5.0415 

2017-05-27 20:28:02 ==========================
Total number of bytes -> 102.1224 
Number of free bytes -> 97.0808 
Number of busy bytes -> 5.0415 

2017-05-27 20:29:02 ==========================
Total number of bytes -> 102.1224 
Number of free bytes -> 97.0808 
Number of busy bytes -> 5.0415 

2017-05-27 20:30:02 ==========================
Total number of bytes -> 102.1224 
Number of free bytes -> 97.0808 
Number of busy bytes -> 5.0415 

2017-05-27 20:31:02 ==========================
Total number of bytes -> 102.1224 
Number of free bytes -> 97.0808 
Number of busy bytes -> 5.0415 

2017-05-27 20:32:07 ==========================
Daemon Start
2017-05-27 20:32:07 ==========================
Total number of bytes -> 102.1224 
Number of free bytes -> 97.0808 
Number of busy bytes -> 5.0415 

2017-05-27 20:33:07 ==========================
Total number of bytes -> 102.1224 
Number of free bytes -> 97.0808 
Number of busy bytes -> 5.0415 

2017-05-27 20:34:07 ==========================
Total number of bytes -> 102.1224 
Number of free bytes -> 97.0808 
Number of busy bytes -> 5.0415 

2017-05-27 20:35:07 ==========================
Total number of bytes -> 102.1224 
Number of free bytes -> 97.0808 
Number of busy bytes -> 5.0415 

2017-05-27 20:36:07 ==========================
Total number of bytes -> 102.1224 
Number of free bytes -> 97.0808 
Number of busy bytes -> 5.0416 

2017-05-27 20:37:07 ==========================
Total number of bytes -> 102.1224 
Number of free bytes -> 97.0807 
Number of busy bytes -> 5.0416 

2017-05-27 20:38:07 ==========================
Total number of bytes -> 102.1224 
Number of free bytes -> 97.0808 
Number of busy bytes -> 5.0416 

2017-05-27 20:39:07 ==========================
Total number of bytes -> 102.1224 
Number of free bytes -> 97.0807 
Number of busy bytes -> 5.0416 

2017-05-27 20:40:07 ==========================
Total number of bytes -> 102.1224 
Number of free bytes -> 97.0807 
Number of busy bytes -> 5.0416 

2017-05-27 20:41:07 ==========================
Total number of bytes -> 102.1224 
Number of free bytes -> 97.0807 
Number of busy bytes -> 5.0416 

2017-05-27 20:42:07 ==========================
Total number of bytes -> 102.1224 
Number of free bytes -> 97.0807 
Number of busy bytes -> 5.0416 

2017-05-27 20:43:07 ==========================
Total number of bytes -> 102.1224 
Number of free bytes -> 97.0807 
Number of busy bytes -> 5.0416 

2017-05-27 20:44:07 ==========================
Total number of bytes -> 102.1224 
Number of free bytes -> 97.0807 
Number of busy bytes -> 5.0416 

2017-05-27 20:45:07 ==========================
Total number of bytes -> 102.1224 
Number of free bytes -> 97.0807 
Number of busy bytes -> 5.0417 

2017-05-27 20:46:07 ==========================
Total number of bytes -> 102.1224 
Number of free bytes -> 97.0807 
Number of busy bytes -> 5.0417 

2017-05-27 20:47:07 ==========================
Total number of bytes -> 102.1224 
Number of free bytes -> 97.0807 
Number of busy bytes -> 5.0417 

2017-05-27 20:48:07 ==========================
Total number of bytes -> 102.1224 
Number of free bytes -> 97.0807 
Number of busy bytes -> 5.0417 

2017-05-27 20:49:07 ==========================
Total number of bytes -> 102.1224 
Number of free bytes -> 97.0807 
Number of busy bytes -> 5.0417 

2017-05-27 20:50:07 ==========================
Total number of bytes -> 102.1224 
Number of free bytes -> 97.0807 
Number of busy bytes -> 5.0417 

2017-05-27 20:51:07 ==========================
Total number of bytes -> 102.1224 
Number of free bytes -> 97.0807 
Number of busy bytes -> 5.0417 

2017-05-27 20:52:07 ==========================
Total number of bytes -> 102.1224 
Number of free bytes -> 97.0807 
Number of busy bytes -> 5.0417 

2017-05-27 20:53:07 ==========================
Total number of bytes -> 102.1224 
Number of free bytes -> 97.0807 
Number of busy bytes -> 5.0417 

2017-05-27 20:54:07 ==========================
Total number of bytes -> 102.1224 
Number of free bytes -> 97.0806 
Number of busy bytes -> 5.0417 

2017-05-27 20:55:07 ==========================
Total number of bytes -> 102.1224 
Number of free bytes -> 97.0806 
Number of busy bytes -> 5.0417 

2017-05-27 20:56:07 ==========================
Total number of bytes -> 102.1224 
Number of free bytes -> 97.0806 
Number of busy bytes -> 5.0417 

2017-05-27 20:57:07 ==========================
Total number of bytes -> 102.1224 
Number of free bytes -> 97.0806 
Number of busy bytes -> 5.0417 

2017-05-27 20:58:07 ==========================
Total number of bytes -> 102.1224 
Number of free bytes -> 97.0806 
Number of busy bytes -> 5.0417 

2017-05-27 20:59:07 ==========================
Total number of bytes -> 102.1224 
Number of free bytes -> 97.0806 
Number of busy bytes -> 5.0417 

2017-05-27 21:00:07 ==========================
Total number of bytes -> 102.1224 
Number of free bytes -> 97.0806 
Number of busy bytes -> 5.0417 

2017-05-27 21:01:07 ==========================
Total number of bytes -> 102.1224 
Number of free bytes -> 97.0806 
Number of busy bytes -> 5.0417 

2017-05-27 21:02:07 ==========================
Total number of bytes -> 102.1224 
Number of free bytes -> 97.0806 
Number of busy bytes -> 5.0417 

2017-05-27 21:03:07 ==========================
Total number of bytes -> 102.1224 
Number of free bytes -> 97.0806 
Number of busy bytes -> 5.0417 

2017-05-27 21:04:07 ==========================
Total number of bytes -> 102.1224 
Number of free bytes -> 97.0806 
Number of busy bytes -> 5.0417 

2017-05-27 21:05:07 ==========================
Total number of bytes -> 102.1224 
Number of free bytes -> 97.0806 
Number of busy bytes -> 5.0417 

2017-05-27 21:06:07 ==========================
Total number of bytes -> 102.1224 
Number of free bytes -> 97.0806 
Number of busy bytes -> 5.0417 

2017-05-27 21:07:07 ==========================
Total number of bytes -> 102.1224 
Number of free bytes -> 97.0806 
Number of busy bytes -> 5.0417 

2017-05-27 21:08:07 ==========================
Total number of bytes -> 102.1224 
Number of free bytes -> 97.0806 
Number of busy bytes -> 5.0417 

2017-05-27 21:09:07 ==========================
Total number of bytes -> 102.1224 
Number of free bytes -> 97.0806 
Number of busy bytes -> 5.0417 

2017-05-27 21:10:07 ==========================
Total number of bytes -> 102.1224 
Number of free bytes -> 97.0806 
Number of busy bytes -> 5.0417 

2017-05-27 21:11:07 ==========================
Total number of bytes -> 102.1224 
Number of free bytes -> 97.0806 
Number of busy bytes -> 5.0417 

2017-05-27 21:12:07 ==========================
Total number of bytes -> 102.1224 
Number of free bytes -> 97.0806 
Number of busy bytes -> 5.0417 

2017-05-27 21:13:07 ==========================
Total number of bytes -> 102.1224 
Number of free bytes -> 97.0806 
Number of busy bytes -> 5.0417 

2017-05-27 21:14:07 ==========================
Total number of bytes -> 102.1224 
Number of free bytes -> 97.0806 
Number of busy bytes -> 5.0417 

2017-05-27 21:15:07 ==========================
Total number of bytes -> 102.1224 
Number of free bytes -> 97.0806 
Number of busy bytes -> 5.0417 

2017-05-27 21:16:07 ==========================
Total number of bytes -> 102.1224 
Number of free bytes -> 97.0806 
Number of busy bytes -> 5.0417 

2017-05-27 21:17:07 ==========================
Total number of bytes -> 102.1224 
Number of free bytes -> 97.0806 
Number of busy bytes -> 5.0417 

2017-05-27 21:18:07 ==========================
Total number of bytes -> 102.1224 
Number of free bytes -> 97.0806 
Number of busy bytes -> 5.0417 

2017-05-27 21:19:07 ==========================
Total number of bytes -> 102.1224 
Number of free bytes -> 97.0806 
Number of busy bytes -> 5.0417 

2017-05-27 21:20:07 ==========================
Total number of bytes -> 102.1224 
Number of free bytes -> 97.0806 
Number of busy bytes -> 5.0417 

2017-05-27 21:21:07 ==========================
Total number of bytes -> 102.1224 
Number of free bytes -> 97.0806 
Number of busy bytes -> 5.0417 

2017-05-27 21:22:07 ==========================
Total number of bytes -> 102.1224 
Number of free bytes -> 97.0806 
Number of busy bytes -> 5.0417 

2017-05-27 21:23:07 ==========================
Total number of bytes -> 102.1224 
Number of free bytes -> 97.0806 
Number of busy bytes -> 5.0417 

2017-05-27 21:24:07 ==========================
Total number of bytes -> 102.1224 
Number of free bytes -> 97.0806 
Number of busy bytes -> 5.0417 

2017-05-27 21:25:07 ==========================
Total number of bytes -> 102.1224 
Number of free bytes -> 97.0806 
Number of busy bytes -> 5.0417 

2017-05-27 21:26:07 ==========================
Total number of bytes -> 102.1224 
Number of free bytes -> 97.0806 
Number of busy bytes -> 5.0417 

2017-05-27 21:27:07 ==========================
Total number of bytes -> 102.1224 
Number of free bytes -> 97.0806 
Number of busy bytes -> 5.0417 

2017-05-27 21:28:07 ==========================
Total number of bytes -> 102.1224 
Number of free bytes -> 97.0806 
Number of busy bytes -> 5.0417 

2017-05-27 21:29:07 ==========================
Total number of bytes -> 102.1224 
Number of free bytes -> 97.0806 
Number of busy bytes -> 5.0417 

2017-05-27 21:30:07 ==========================
Total number of bytes -> 102.1224 
Number of free bytes -> 97.0806 
Number of busy bytes -> 5.0417 

2017-05-27 21:31:07 ==========================
Total number of bytes -> 102.1224 
Number of free bytes -> 97.0806 
Number of busy bytes -> 5.0417 

2017-05-27 21:32:07 ==========================
Total number of bytes -> 102.1224 
Number of free bytes -> 97.0806 
Number of busy bytes -> 5.0417 

2017-05-27 21:32:13 ==========================
Daemon Start
2017-05-27 21:32:13 ==========================
Total number of bytes -> 102.1224 
Number of free bytes -> 97.0806 
Number of busy bytes -> 5.0417 

2017-05-29 13:17:15 ==========================
Total number of bytes -> 102.1224 
Number of free bytes -> 97.1767 
Number of busy bytes -> 4.9456 

2017-05-29 13:18:15 ==========================
Total number of bytes -> 102.1224 
Number of free bytes -> 97.0805 
Number of busy bytes -> 5.0418 

2017-05-29 13:19:15 ==========================
Total number of bytes -> 102.1224 
Number of free bytes -> 97.0805 
Number of busy bytes -> 5.0418 

2017-05-29 13:20:15 ==========================
Total number of bytes -> 102.1224 
Number of free bytes -> 97.0805 
Number of busy bytes -> 5.0418 

2017-05-29 13:21:15 ==========================
Total number of bytes -> 102.1224 
Number of free bytes -> 97.0804 
Number of busy bytes -> 5.0419 

2017-05-29 13:22:15 ==========================
Total number of bytes -> 102.1224 
Number of free bytes -> 97.0804 
Number of busy bytes -> 5.0419 

2017-05-29 13:23:15 ==========================
Total number of bytes -> 102.1224 
Number of free bytes -> 97.0804 
Number of busy bytes -> 5.0419 

2017-05-29 13:24:15 ==========================
Total number of bytes -> 102.1224 
Number of free bytes -> 97.0804 
Number of busy bytes -> 5.0419 

2017-05-29 13:25:15 ==========================
Total number of bytes -> 102.1224 
Number of free bytes -> 97.0804 
Number of busy bytes -> 5.0419 

2017-05-29 13:26:15 ==========================
Total number of bytes -> 102.1224 
Number of free bytes -> 97.0804 
Number of busy bytes -> 5.0419 

2017-05-29 13:27:15 ==========================
Total number of bytes -> 102.1224 
Number of free bytes -> 97.0804 
Number of busy bytes -> 5.0419 

2017-05-29 13:28:15 ==========================
Total number of bytes -> 102.1224 
Number of free bytes -> 97.0804 
Number of busy bytes -> 5.0419 

2017-05-29 13:29:15 ==========================
Total number of bytes -> 102.1224 
Number of free bytes -> 97.0804 
Number of busy bytes -> 5.0419 

2017-05-29 13:30:15 ==========================
Total number of bytes -> 102.1224 
Number of free bytes -> 97.0804 
Number of busy bytes -> 5.0419 

2017-05-29 13:31:15 ==========================
Total number of bytes -> 102.1224 
Number of free bytes -> 97.0804 
Number of busy bytes -> 5.0419 

2017-05-29 13:32:15 ==========================
Total number of bytes -> 102.1224 
Number of free bytes -> 97.0805 
Number of busy bytes -> 5.0419 

2017-05-29 13:33:15 ==========================
Total number of bytes -> 102.1224 
Number of free bytes -> 97.0804 
Number of busy bytes -> 5.0419 

2017-05-29 13:34:15 ==========================
Total number of bytes -> 102.1224 
Number of free bytes -> 97.0804 
Number of busy bytes -> 5.0420 

2017-05-29 13:35:15 ==========================
Total number of bytes -> 102.1224 
Number of free bytes -> 97.0804 
Number of busy bytes -> 5.0420 

2017-05-29 13:36:15 ==========================
Total number of bytes -> 102.1224 
Number of free bytes -> 97.0804 
Number of busy bytes -> 5.0419 

2017-05-29 13:37:15 ==========================
Total number of bytes -> 102.1224 
Number of free bytes -> 97.0804 
Number of busy bytes -> 5.0420 

2017-05-29 13:38:15 ==========================
Total number of bytes -> 102.1224 
Number of free bytes -> 97.0804 
Number of busy bytes -> 5.0420 

2017-05-29 13:39:15 ==========================
Total number of bytes -> 102.1224 
Number of free bytes -> 97.0804 
Number of busy bytes -> 5.0420 

2017-05-29 13:40:15 ==========================
Total number of bytes -> 102.1224 
Number of free bytes -> 97.0804 
Number of busy bytes -> 5.0420 

2017-05-29 13:41:15 ==========================
Total number of bytes -> 102.1224 
Number of free bytes -> 97.0804 
Number of busy bytes -> 5.0420 

2017-05-29 13:42:15 ==========================
Total number of bytes -> 102.1224 
Number of free bytes -> 97.0804 
Number of busy bytes -> 5.0420 

2017-05-29 13:43:15 ==========================
Total number of bytes -> 102.1224 
Number of free bytes -> 97.0804 
Number of busy bytes -> 5.0420 

2017-05-29 13:44:15 ==========================
Total number of bytes -> 102.1224 
Number of free bytes -> 97.0803 
Number of busy bytes -> 5.0421 

2017-05-29 13:45:15 ==========================
Total number of bytes -> 102.1224 
Number of free bytes -> 97.0803 
Number of busy bytes -> 5.0421 

2017-05-29 13:46:15 ==========================
Total number of bytes -> 102.1224 
Number of free bytes -> 97.0803 
Number of busy bytes -> 5.0421 

2017-05-29 13:47:15 ==========================
Total number of bytes -> 102.1224 
Number of free bytes -> 97.0803 
Number of busy bytes -> 5.0421 

2017-05-29 13:48:15 ==========================
Total number of bytes -> 102.1224 
Number of free bytes -> 97.0803 
Number of busy bytes -> 5.0421 

2017-05-29 13:49:15 ==========================
Total number of bytes -> 102.1224 
Number of free bytes -> 97.0803 
Number of busy bytes -> 5.0421 

2017-05-29 13:50:15 ==========================
Total number of bytes -> 102.1224 
Number of free bytes -> 97.0632 
Number of busy bytes -> 5.0592 

2017-05-29 13:51:15 ==========================
Total number of bytes -> 102.1224 
Number of free bytes -> 97.0836 
Number of busy bytes -> 5.0388 

2017-05-29 13:52:15 ==========================
Total number of bytes -> 102.1224 
Number of free bytes -> 97.0836 
Number of busy bytes -> 5.0388 

2017-05-29 13:53:15 ==========================
Total number of bytes -> 102.1224 
Number of free bytes -> 97.0836 
Number of busy bytes -> 5.0388 

2017-05-29 13:54:15 ==========================
Total number of bytes -> 102.1224 
Number of free bytes -> 97.0836 
Number of busy bytes -> 5.0388 

2017-05-29 13:55:15 ==========================
Total number of bytes -> 102.1224 
Number of free bytes -> 97.0836 
Number of busy bytes -> 5.0388 

2017-05-29 13:56:15 ==========================
Total number of bytes -> 102.1224 
Number of free bytes -> 97.0836 
Number of busy bytes -> 5.0388 

2017-05-29 13:57:15 ==========================
Total number of bytes -> 102.1224 
Number of free bytes -> 97.0836 
Number of busy bytes -> 5.0388 

2017-05-29 13:58:15 ==========================
Total number of bytes -> 102.1224 
Number of free bytes -> 97.0836 
Number of busy bytes -> 5.0388 

2017-05-29 13:59:15 ==========================
Total number of bytes -> 102.1224 
Number of free bytes -> 97.0836 
Number of busy bytes -> 5.0388 

2017-05-29 14:00:15 ==========================
Total number of bytes -> 102.1224 
Number of free bytes -> 97.0836 
Number of busy bytes -> 5.0388 

2017-05-29 14:01:15 ==========================
Total number of bytes -> 102.1224 
Number of free bytes -> 97.0836 
Number of busy bytes -> 5.0388 

2017-05-29 14:02:15 ==========================
Total number of bytes -> 102.1224 
Number of free bytes -> 97.0836 
Number of busy bytes -> 5.0388 

2017-05-29 14:03:15 ==========================
Total number of bytes -> 102.1224 
Number of free bytes -> 97.0836 
Number of busy bytes -> 5.0388 

2017-05-29 14:04:15 ==========================
Total number of bytes -> 102.1224 
Number of free bytes -> 97.0836 
Number of busy bytes -> 5.0388 

2017-05-29 14:05:15 ==========================
Total number of bytes -> 102.1224 
Number of free bytes -> 97.0836 
Number of busy bytes -> 5.0388 

2017-05-29 14:06:15 ==========================
Total number of bytes -> 102.1224 
Number of free bytes -> 97.0836 
Number of busy bytes -> 5.0388 

2017-05-29 14:07:15 ==========================
Total number of bytes -> 102.1224 
Number of free bytes -> 97.0836 
Number of busy bytes -> 5.0388 

2017-05-29 14:08:15 ==========================
Total number of bytes -> 102.1224 
Number of free bytes -> 97.0836 
Number of busy bytes -> 5.0388 

2017-05-29 14:09:15 ==========================
Total number of bytes -> 102.1224 
Number of free bytes -> 97.0836 
Number of busy bytes -> 5.0388 

2017-05-29 14:10:15 ==========================
Total number of bytes -> 102.1224 
Number of free bytes -> 97.0836 
Number of busy bytes -> 5.0388 

2017-05-29 14:11:15 ==========================
Total number of bytes -> 102.1224 
Number of free bytes -> 97.0836 
Number of busy bytes -> 5.0388 

2017-05-29 14:12:15 ==========================
Total number of bytes -> 102.1224 
Number of free bytes -> 97.0836 
Number of busy bytes -> 5.0388 

2017-05-29 14:13:15 ==========================
Total number of bytes -> 102.1224 
Number of free bytes -> 97.0836 
Number of busy bytes -> 5.0388 

2017-05-29 14:14:15 ==========================
Total number of bytes -> 102.1224 
Number of free bytes -> 97.0836 
Number of busy bytes -> 5.0388 

2017-05-29 14:15:15 ==========================
Total number of bytes -> 102.1224 
Number of free bytes -> 97.0836 
Number of busy bytes -> 5.0388 

2017-05-29 14:16:20 ==========================
Daemon Start
2017-05-29 14:16:20 ==========================
Total number of bytes -> 102.1224 
Number of free bytes -> 97.0836 
Number of busy bytes -> 5.0388 

2017-05-29 14:17:20 ==========================
Total number of bytes -> 102.1224 
Number of free bytes -> 97.0836 
Number of busy bytes -> 5.0388 

2017-05-29 14:18:20 ==========================
Total number of bytes -> 102.1224 
Number of free bytes -> 97.0836 
Number of busy bytes -> 5.0388 

2017-05-29 14:19:20 ==========================
Total number of bytes -> 102.1224 
Number of free bytes -> 97.0836 
Number of busy bytes -> 5.0388 

2017-05-29 14:20:20 ==========================
Total number of bytes -> 102.1224 
Number of free bytes -> 97.0836 
Number of busy bytes -> 5.0388 

2017-05-29 14:21:20 ==========================
Total number of bytes -> 102.1224 
Number of free bytes -> 97.0836 
Number of busy bytes -> 5.0388 

2017-05-29 14:22:20 ==========================
Total number of bytes -> 102.1224 
Number of free bytes -> 97.0836 
Number of busy bytes -> 5.0388 

2017-05-29 14:23:20 ==========================
Total number of bytes -> 102.1224 
Number of free bytes -> 97.0836 
Number of busy bytes -> 5.0388 

2017-05-29 14:24:20 ==========================
Total number of bytes -> 102.1224 
Number of free bytes -> 97.0836 
Number of busy bytes -> 5.0388 

2017-05-29 14:25:20 ==========================
Total number of bytes -> 102.1224 
Number of free bytes -> 97.0836 
Number of busy bytes -> 5.0388 

2017-05-29 14:26:20 ==========================
Total number of bytes -> 102.1224 
Number of free bytes -> 97.0836 
Number of busy bytes -> 5.0388 

2017-05-29 14:27:20 ==========================
Total number of bytes -> 102.1224 
Number of free bytes -> 97.0836 
Number of busy bytes -> 5.0388 

2017-05-29 14:28:20 ==========================
Total number of bytes -> 102.1224 
Number of free bytes -> 97.0836 
Number of busy bytes -> 5.0388 

2017-05-29 14:29:20 ==========================
Total number of bytes -> 102.1224 
Number of free bytes -> 97.0836 
Number of busy bytes -> 5.0388 

2017-05-29 14:30:20 ==========================
Total number of bytes -> 102.1224 
Number of free bytes -> 97.0836 
Number of busy bytes -> 5.0388 

2017-05-29 14:31:20 ==========================
Total number of bytes -> 102.1224 
Number of free bytes -> 97.0836 
Number of busy bytes -> 5.0388 

2017-05-29 14:32:20 ==========================
Total number of bytes -> 102.1224 
Number of free bytes -> 97.0836 
Number of busy bytes -> 5.0388 

2017-05-29 14:33:20 ==========================
Total number of bytes -> 102.1224 
Number of free bytes -> 97.0836 
Number of busy bytes -> 5.0388 

2017-05-29 14:34:20 ==========================
Total number of bytes -> 102.1224 
Number of free bytes -> 97.0836 
Number of busy bytes -> 5.0388 

2017-05-29 14:35:20 ==========================
Total number of bytes -> 102.1224 
Number of free bytes -> 97.0836 
Number of busy bytes -> 5.0388 

2017-05-29 14:36:20 ==========================
Total number of bytes -> 102.1224 
Number of free bytes -> 97.0836 
Number of busy bytes -> 5.0388 

2017-05-29 14:37:20 ==========================
Total number of bytes -> 102.1224 
Number of free bytes -> 97.0836 
Number of busy bytes -> 5.0388 

2017-05-29 14:38:20 ==========================
Total number of bytes -> 102.1224 
Number of free bytes -> 97.0836 
Number of busy bytes -> 5.0388 

2017-05-29 14:39:20 ==========================
Total number of bytes -> 102.1224 
Number of free bytes -> 97.0836 
Number of busy bytes -> 5.0388 

2017-05-29 14:40:20 ==========================
Total number of bytes -> 102.1224 
Number of free bytes -> 97.0836 
Number of busy bytes -> 5.0388 

2017-05-29 14:41:20 ==========================
Total number of bytes -> 102.1224 
Number of free bytes -> 97.0836 
Number of busy bytes -> 5.0388 

2017-05-29 14:42:20 ==========================
Total number of bytes -> 102.1224 
Number of free bytes -> 97.0836 
Number of busy bytes -> 5.0388 

2017-05-29 14:43:20 ==========================
Total number of bytes -> 102.1224 
Number of free bytes -> 97.0836 
Number of busy bytes -> 5.0388 

2017-05-29 14:44:20 ==========================
Total number of bytes -> 102.1224 
Number of free bytes -> 97.0836 
Number of busy bytes -> 5.0388 

2017-05-29 14:45:20 ==========================
Total number of bytes -> 102.1224 
Number of free bytes -> 97.0836 
Number of busy bytes -> 5.0388 

2017-05-29 14:46:20 ==========================
Total number of bytes -> 102.1224 
Number of free bytes -> 97.0836 
Number of busy bytes -> 5.0388 

2017-05-29 14:47:20 ==========================
Total number of bytes -> 102.1224 
Number of free bytes -> 97.0836 
Number of busy bytes -> 5.0388 

2017-05-29 14:48:20 ==========================
Total number of bytes -> 102.1224 
Number of free bytes -> 97.0836 
Number of busy bytes -> 5.0388 

2017-05-29 14:49:20 ==========================
Total number of bytes -> 102.1224 
Number of free bytes -> 97.0836 
Number of busy bytes -> 5.0388 

2017-05-29 14:50:20 ==========================
Total number of bytes -> 102.1224 
Number of free bytes -> 97.0836 
Number of busy bytes -> 5.0388 

2017-05-29 14:51:20 ==========================
Total number of bytes -> 102.1224 
Number of free bytes -> 97.0836 
Number of busy bytes -> 5.0388 

2017-05-29 14:52:20 ==========================
Total number of bytes -> 102.1224 
Number of free bytes -> 97.0836 
Number of busy bytes -> 5.0388 

2017-05-29 14:53:20 ==========================
Total number of bytes -> 102.1224 
Number of free bytes -> 97.0836 
Number of busy bytes -> 5.0388 

2017-05-29 14:54:20 ==========================
Total number of bytes -> 102.1224 
Number of free bytes -> 97.0836 
Number of busy bytes -> 5.0388 

2017-05-29 14:55:20 ==========================
Total number of bytes -> 102.1224 
Number of free bytes -> 97.0836 
Number of busy bytes -> 5.0388 

2017-05-29 14:56:20 ==========================
Total number of bytes -> 102.1224 
Number of free bytes -> 97.0836 
Number of busy bytes -> 5.0388 

2017-05-29 14:57:20 ==========================
Total number of bytes -> 102.1224 
Number of free bytes -> 97.0836 
Number of busy bytes -> 5.0388 

2017-05-29 14:58:20 ==========================
Total number of bytes -> 102.1224 
Number of free bytes -> 97.0836 
Number of busy bytes -> 5.0388 

2017-05-29 14:59:20 ==========================
Total number of bytes -> 102.1224 
Number of free bytes -> 97.0836 
Number of busy bytes -> 5.0388 

2017-05-29 15:00:20 ==========================
Total number of bytes -> 102.1224 
Number of free bytes -> 97.0836 
Number of busy bytes -> 5.0388 

2017-05-29 15:01:20 ==========================
Total number of bytes -> 102.1224 
Number of free bytes -> 97.0836 
Number of busy bytes -> 5.0388 

2017-05-29 15:02:20 ==========================
Total number of bytes -> 102.1224 
Number of free bytes -> 97.0836 
Number of busy bytes -> 5.0388 

2017-05-29 15:03:20 ==========================
Total number of bytes -> 102.1224 
Number of free bytes -> 97.0836 
Number of busy bytes -> 5.0388 

2017-05-29 15:04:20 ==========================
Total number of bytes -> 102.1224 
Number of free bytes -> 97.0836 
Number of busy bytes -> 5.0388 

2017-05-29 15:05:20 ==========================
Total number of bytes -> 102.1224 
Number of free bytes -> 97.0836 
Number of busy bytes -> 5.0388 

2017-05-29 15:06:20 ==========================
Total number of bytes -> 102.1224 
Number of free bytes -> 97.0836 
Number of busy bytes -> 5.0388 

2017-05-29 15:07:20 ==========================
Total number of bytes -> 102.1224 
Number of free bytes -> 97.0836 
Number of busy bytes -> 5.0388 

2017-05-29 15:08:20 ==========================
Total number of bytes -> 102.1224 
Number of free bytes -> 97.0836 
Number of busy bytes -> 5.0388 

2017-05-29 15:09:20 ==========================
Total number of bytes -> 102.1224 
Number of free bytes -> 97.0836 
Number of busy bytes -> 5.0388 

2017-05-29 15:10:20 ==========================
Total number of bytes -> 102.1224 
Number of free bytes -> 97.0836 
Number of busy bytes -> 5.0388 

2017-05-29 15:11:20 ==========================
Total number of bytes -> 102.1224 
Number of free bytes -> 97.0836 
Number of busy bytes -> 5.0388 

2017-05-29 15:12:20 ==========================
Total number of bytes -> 102.1224 
Number of free bytes -> 97.0836 
Number of busy bytes -> 5.0388 

2017-05-29 15:13:20 ==========================
Total number of bytes -> 102.1224 
Number of free bytes -> 97.0836 
Number of busy bytes -> 5.0388 

2017-05-29 15:14:20 ==========================
Total number of bytes -> 102.1224 
Number of free bytes -> 97.0836 
Number of busy bytes -> 5.0388 

2017-05-29 15:15:20 ==========================
Total number of bytes -> 102.1224 
Number of free bytes -> 97.0836 
Number of busy bytes -> 5.0388 

2017-05-29 15:16:20 ==========================
Total number of bytes -> 102.1224 
Number of free bytes -> 97.0836 
Number of busy bytes -> 5.0388 

2017-05-29 15:16:26 ==========================
Daemon Start
2017-05-29 15:16:26 ==========================
Total number of bytes -> 102.1224 
Number of free bytes -> 97.0836 
Number of busy bytes -> 5.0388 

2017-05-29 15:17:26 ==========================
Total number of bytes -> 102.1224 
Number of free bytes -> 97.0836 
Number of busy bytes -> 5.0388 

2017-05-29 15:18:26 ==========================
Total number of bytes -> 102.1224 
Number of free bytes -> 97.0836 
Number of busy bytes -> 5.0388 

2017-05-29 15:19:26 ==========================
Total number of bytes -> 102.1224 
Number of free bytes -> 97.0836 
Number of busy bytes -> 5.0388 

2017-05-29 15:20:26 ==========================
Total number of bytes -> 102.1224 
Number of free bytes -> 97.0836 
Number of busy bytes -> 5.0388 

2017-05-29 15:21:26 ==========================
Total number of bytes -> 102.1224 
Number of free bytes -> 97.0836 
Number of busy bytes -> 5.0388 

2017-05-29 15:22:26 ==========================
Total number of bytes -> 102.1224 
Number of free bytes -> 97.0836 
Number of busy bytes -> 5.0388 

2017-05-29 15:23:26 ==========================
Total number of bytes -> 102.1224 
Number of free bytes -> 97.0836 
Number of busy bytes -> 5.0388 

2017-05-29 15:24:26 ==========================
Total number of bytes -> 102.1224 
Number of free bytes -> 97.0835 
Number of busy bytes -> 5.0388 

2017-05-29 15:25:26 ==========================
Total number of bytes -> 102.1224 
Number of free bytes -> 97.0835 
Number of busy bytes -> 5.0388 

2017-05-29 15:26:26 ==========================
Total number of bytes -> 102.1224 
Number of free bytes -> 97.0835 
Number of busy bytes -> 5.0388 

2017-05-29 15:27:26 ==========================
Total number of bytes -> 102.1224 
Number of free bytes -> 97.0835 
Number of busy bytes -> 5.0388 

2017-05-29 15:28:26 ==========================
Total number of bytes -> 102.1224 
Number of free bytes -> 97.0835 
Number of busy bytes -> 5.0388 

2017-05-29 15:29:26 ==========================
Total number of bytes -> 102.1224 
Number of free bytes -> 97.0835 
Number of busy bytes -> 5.0388 

2017-05-29 15:30:26 ==========================
Total number of bytes -> 102.1224 
Number of free bytes -> 97.0835 
Number of busy bytes -> 5.0388 

2017-05-29 15:31:26 ==========================
Total number of bytes -> 102.1224 
Number of free bytes -> 97.0835 
Number of busy bytes -> 5.0388 

2017-05-29 15:32:26 ==========================
Total number of bytes -> 102.1224 
Number of free bytes -> 97.0835 
Number of busy bytes -> 5.0388 

2017-05-29 15:33:26 ==========================
Total number of bytes -> 102.1224 
Number of free bytes -> 97.0835 
Number of busy bytes -> 5.0388 

2017-05-29 15:34:26 ==========================
Total number of bytes -> 102.1224 
Number of free bytes -> 97.0835 
Number of busy bytes -> 5.0388 

2017-05-29 15:35:26 ==========================
Total number of bytes -> 102.1224 
Number of free bytes -> 97.0835 
Number of busy bytes -> 5.0388 

2017-05-29 15:36:26 ==========================
Total number of bytes -> 102.1224 
Number of free bytes -> 97.0835 
Number of busy bytes -> 5.0388 

2017-05-29 15:37:26 ==========================
Total number of bytes -> 102.1224 
Number of free bytes -> 97.0835 
Number of busy bytes -> 5.0388 

2017-05-29 15:38:26 ==========================
Total number of bytes -> 102.1224 
Number of free bytes -> 97.0835 
Number of busy bytes -> 5.0388 

2017-05-29 15:39:26 ==========================
Total number of bytes -> 102.1224 
Number of free bytes -> 97.0835 
Number of busy bytes -> 5.0388 

2017-05-29 15:40:26 ==========================
Total number of bytes -> 102.1224 
Number of free bytes -> 97.0835 
Number of busy bytes -> 5.0388 

2017-05-29 15:41:26 ==========================
Total number of bytes -> 102.1224 
Number of free bytes -> 97.0835 
Number of busy bytes -> 5.0388 

2017-05-29 15:42:26 ==========================
Total number of bytes -> 102.1224 
Number of free bytes -> 97.0835 
Number of busy bytes -> 5.0388 

2017-05-29 15:43:26 ==========================
Total number of bytes -> 102.1224 
Number of free bytes -> 97.0835 
Number of busy bytes -> 5.0388 

2017-05-29 15:44:26 ==========================
Total number of bytes -> 102.1224 
Number of free bytes -> 97.0835 
Number of busy bytes -> 5.0388 

2017-05-29 15:45:26 ==========================
Total number of bytes -> 102.1224 
Number of free bytes -> 97.0835 
Number of busy bytes -> 5.0388 

2017-05-29 15:46:26 ==========================
Total number of bytes -> 102.1224 
Number of free bytes -> 97.0835 
Number of busy bytes -> 5.0388 

2017-05-29 15:47:26 ==========================
Total number of bytes -> 102.1224 
Number of free bytes -> 97.0835 
Number of busy bytes -> 5.0388 

2017-05-29 15:48:26 ==========================
Total number of bytes -> 102.1224 
Number of free bytes -> 97.0835 
Number of busy bytes -> 5.0388 

2017-05-29 15:49:26 ==========================
Total number of bytes -> 102.1224 
Number of free bytes -> 97.0835 
Number of busy bytes -> 5.0388 

2017-05-29 15:50:26 ==========================
Total number of bytes -> 102.1224 
Number of free bytes -> 97.0835 
Number of busy bytes -> 5.0388 

2017-05-29 15:51:26 ==========================
Total number of bytes -> 102.1224 
Number of free bytes -> 97.0835 
Number of busy bytes -> 5.0388 

2017-05-29 15:52:26 ==========================
Total number of bytes -> 102.1224 
Number of free bytes -> 97.0836 
Number of busy bytes -> 5.0388 

2017-05-29 15:53:26 ==========================
Total number of bytes -> 102.1224 
Number of free bytes -> 97.0835 
Number of busy bytes -> 5.0389 

2017-05-29 15:54:26 ==========================
Total number of bytes -> 102.1224 
Number of free bytes -> 97.0835 
Number of busy bytes -> 5.0389 

2017-05-29 15:55:26 ==========================
Total number of bytes -> 102.1224 
Number of free bytes -> 97.0835 
Number of busy bytes -> 5.0389 

2017-05-29 15:56:26 ==========================
Total number of bytes -> 102.1224 
Number of free bytes -> 97.0835 
Number of busy bytes -> 5.0389 

2017-05-29 15:57:26 ==========================
Total number of bytes -> 102.1224 
Number of free bytes -> 97.0835 
Number of busy bytes -> 5.0389 

2017-05-29 15:58:26 ==========================
Total number of bytes -> 102.1224 
Number of free bytes -> 97.0834 
Number of busy bytes -> 5.0389 

2017-05-29 15:59:26 ==========================
Total number of bytes -> 102.1224 
Number of free bytes -> 97.0834 
Number of busy bytes -> 5.0390 

2017-05-29 16:00:26 ==========================
Total number of bytes -> 102.1224 
Number of free bytes -> 97.0834 
Number of busy bytes -> 5.0390 

2017-05-29 16:01:26 ==========================
Total number of bytes -> 102.1224 
Number of free bytes -> 97.0834 
Number of busy bytes -> 5.0390 

2017-05-29 16:02:26 ==========================
Total number of bytes -> 102.1224 
Number of free bytes -> 97.0833 
Number of busy bytes -> 5.0391 

2017-05-29 16:03:26 ==========================
Total number of bytes -> 102.1224 
Number of free bytes -> 97.0833 
Number of busy bytes -> 5.0391 

2017-05-29 16:04:26 ==========================
Total number of bytes -> 102.1224 
Number of free bytes -> 97.0833 
Number of busy bytes -> 5.0391 

2017-05-29 16:05:26 ==========================
Total number of bytes -> 102.1224 
Number of free bytes -> 97.0833 
Number of busy bytes -> 5.0391 

2017-05-29 16:06:26 ==========================
Total number of bytes -> 102.1224 
Number of free bytes -> 97.0833 
Number of busy bytes -> 5.0391 

2017-05-29 16:07:26 ==========================
Total number of bytes -> 102.1224 
Number of free bytes -> 97.0833 
Number of busy bytes -> 5.0391 

2017-05-29 16:08:26 ==========================
Total number of bytes -> 102.1224 
Number of free bytes -> 97.0833 
Number of busy bytes -> 5.0391 

2017-05-29 16:09:26 ==========================
Total number of bytes -> 102.1224 
Number of free bytes -> 97.0833 
Number of busy bytes -> 5.0391 

2017-05-29 16:10:26 ==========================
Total number of bytes -> 102.1224 
Number of free bytes -> 97.0833 
Number of busy bytes -> 5.0391 

2017-05-29 16:11:26 ==========================
Total number of bytes -> 102.1224 
Number of free bytes -> 97.0833 
Number of busy bytes -> 5.0391 

2017-05-29 16:12:26 ==========================
Total number of bytes -> 102.1224 
Number of free bytes -> 97.0833 
Number of busy bytes -> 5.0391 

2017-05-29 16:13:26 ==========================
Total number of bytes -> 102.1224 
Number of free bytes -> 97.0833 
Number of busy bytes -> 5.0391 

2017-05-29 16:14:26 ==========================
Total number of bytes -> 102.1224 
Number of free bytes -> 97.0833 
Number of busy bytes -> 5.0391 

2017-05-29 16:15:26 ==========================
Total number of bytes -> 102.1224 
Number of free bytes -> 97.0833 
Number of busy bytes -> 5.0391 

2017-05-29 16:16:26 ==========================
Total number of bytes -> 102.1224 
Number of free bytes -> 97.0833 
Number of busy bytes -> 5.0391 

2017-05-29 16:16:31 ==========================
Daemon Start
2017-05-29 16:16:31 ==========================
Total number of bytes -> 102.1224 
Number of free bytes -> 97.0833 
Number of busy bytes -> 5.0391 

2017-05-29 16:17:31 ==========================
Total number of bytes -> 102.1224 
Number of free bytes -> 97.0833 
Number of busy bytes -> 5.0391 

2017-05-29 16:18:31 ==========================
Total number of bytes -> 102.1224 
Number of free bytes -> 97.0833 
Number of busy bytes -> 5.0391 

2017-05-29 16:19:31 ==========================
Total number of bytes -> 102.1224 
Number of free bytes -> 97.0833 
Number of busy bytes -> 5.0391 

2017-05-29 16:20:31 ==========================
Total number of bytes -> 102.1224 
Number of free bytes -> 97.0833 
Number of busy bytes -> 5.0391 

2017-05-29 16:21:31 ==========================
Total number of bytes -> 102.1224 
Number of free bytes -> 97.0833 
Number of busy bytes -> 5.0391 

2017-05-29 16:22:31 ==========================
Total number of bytes -> 102.1224 
Number of free bytes -> 97.0833 
Number of busy bytes -> 5.0391 

2017-05-29 16:23:31 ==========================
Total number of bytes -> 102.1224 
Number of free bytes -> 97.0833 
Number of busy bytes -> 5.0391 

2017-05-29 16:24:31 ==========================
Total number of bytes -> 102.1224 
Number of free bytes -> 97.0833 
Number of busy bytes -> 5.0391 

2017-05-29 16:25:31 ==========================
Total number of bytes -> 102.1224 
Number of free bytes -> 97.0833 
Number of busy bytes -> 5.0391 

2017-05-29 16:26:31 ==========================
Total number of bytes -> 102.1224 
Number of free bytes -> 97.0833 
Number of busy bytes -> 5.0391 

2017-05-29 16:27:31 ==========================
Total number of bytes -> 102.1224 
Number of free bytes -> 97.0833 
Number of busy bytes -> 5.0391 

2017-05-29 16:28:31 ==========================
Total number of bytes -> 102.1224 
Number of free bytes -> 97.0833 
Number of busy bytes -> 5.0391 

2017-05-29 16:29:31 ==========================
Total number of bytes -> 102.1224 
Number of free bytes -> 97.0833 
Number of busy bytes -> 5.0391 

2017-05-29 16:30:31 ==========================
Total number of bytes -> 102.1224 
Number of free bytes -> 97.0833 
Number of busy bytes -> 5.0391 

2017-05-29 16:31:31 ==========================
Total number of bytes -> 102.1224 
Number of free bytes -> 97.0833 
Number of busy bytes -> 5.0391 

2017-05-29 16:32:31 ==========================
Total number of bytes -> 102.1224 
Number of free bytes -> 97.0833 
Number of busy bytes -> 5.0391 

2017-05-29 16:33:31 ==========================
Total number of bytes -> 102.1224 
Number of free bytes -> 97.0833 
Number of busy bytes -> 5.0391 

2017-05-29 16:34:31 ==========================
Total number of bytes -> 102.1224 
Number of free bytes -> 97.0833 
Number of busy bytes -> 5.0391 

2017-05-29 16:35:31 ==========================
Total number of bytes -> 102.1224 
Number of free bytes -> 97.0833 
Number of busy bytes -> 5.0391 

2017-05-29 16:36:31 ==========================
Total number of bytes -> 102.1224 
Number of free bytes -> 97.0833 
Number of busy bytes -> 5.0391 

2017-05-29 16:37:31 ==========================
Total number of bytes -> 102.1224 
Number of free bytes -> 97.0833 
Number of busy bytes -> 5.0391 

2017-05-29 16:38:31 ==========================
Total number of bytes -> 102.1224 
Number of free bytes -> 97.0833 
Number of busy bytes -> 5.0391 

2017-05-29 16:39:31 ==========================
Total number of bytes -> 102.1224 
Number of free bytes -> 97.0833 
Number of busy bytes -> 5.0391 

2017-05-29 16:40:31 ==========================
Total number of bytes -> 102.1224 
Number of free bytes -> 97.0833 
Number of busy bytes -> 5.0391 

2017-05-29 16:41:31 ==========================
Total number of bytes -> 102.1224 
Number of free bytes -> 97.0833 
Number of busy bytes -> 5.0391 

2017-05-29 16:42:31 ==========================
Total number of bytes -> 102.1224 
Number of free bytes -> 97.0833 
Number of busy bytes -> 5.0391 

2017-05-29 16:43:31 ==========================
Total number of bytes -> 102.1224 
Number of free bytes -> 97.0833 
Number of busy bytes -> 5.0391 

2017-05-29 16:44:31 ==========================
Total number of bytes -> 102.1224 
Number of free bytes -> 97.0833 
Number of busy bytes -> 5.0391 

2017-05-29 16:45:31 ==========================
Total number of bytes -> 102.1224 
Number of free bytes -> 97.0833 
Number of busy bytes -> 5.0391 

2017-05-29 16:46:31 ==========================
Total number of bytes -> 102.1224 
Number of free bytes -> 97.0833 
Number of busy bytes -> 5.0391 

2017-05-29 16:47:31 ==========================
Total number of bytes -> 102.1224 
Number of free bytes -> 97.0833 
Number of busy bytes -> 5.0391 

2017-05-29 16:48:31 ==========================
Total number of bytes -> 102.1224 
Number of free bytes -> 97.0833 
Number of busy bytes -> 5.0391 

2017-05-29 16:49:31 ==========================
Total number of bytes -> 102.1224 
Number of free bytes -> 97.0833 
Number of busy bytes -> 5.0391 

2017-05-29 16:50:31 ==========================
Total number of bytes -> 102.1224 
Number of free bytes -> 97.0833 
Number of busy bytes -> 5.0391 

2017-05-29 16:51:31 ==========================
Total number of bytes -> 102.1224 
Number of free bytes -> 97.0833 
Number of busy bytes -> 5.0391 

2017-05-29 16:52:31 ==========================
Total number of bytes -> 102.1224 
Number of free bytes -> 97.0833 
Number of busy bytes -> 5.0391 

2017-05-29 16:53:31 ==========================
Total number of bytes -> 102.1224 
Number of free bytes -> 97.0833 
Number of busy bytes -> 5.0391 

2017-05-29 16:54:31 ==========================
Total number of bytes -> 102.1224 
Number of free bytes -> 97.0833 
Number of busy bytes -> 5.0391 

2017-05-29 16:55:31 ==========================
Total number of bytes -> 102.1224 
Number of free bytes -> 97.0833 
Number of busy bytes -> 5.0391 

2017-05-29 16:56:31 ==========================
Total number of bytes -> 102.1224 
Number of free bytes -> 97.0833 
Number of busy bytes -> 5.0391 

2017-05-29 16:57:31 ==========================
Total number of bytes -> 102.1224 
Number of free bytes -> 97.0833 
Number of busy bytes -> 5.0391 

2017-05-29 16:58:31 ==========================
Total number of bytes -> 102.1224 
Number of free bytes -> 97.0833 
Number of busy bytes -> 5.0391 

2017-05-29 16:59:31 ==========================
Total number of bytes -> 102.1224 
Number of free bytes -> 97.0833 
Number of busy bytes -> 5.0391 

2017-05-29 17:00:31 ==========================
Total number of bytes -> 102.1224 
Number of free bytes -> 97.0833 
Number of busy bytes -> 5.0391 

2017-05-29 17:01:31 ==========================
Total number of bytes -> 102.1224 
Number of free bytes -> 97.0833 
Number of busy bytes -> 5.0391 

2017-05-29 17:02:31 ==========================
Total number of bytes -> 102.1224 
Number of free bytes -> 97.0833 
Number of busy bytes -> 5.0391 

2017-05-29 17:03:31 ==========================
Total number of bytes -> 102.1224 
Number of free bytes -> 97.0833 
Number of busy bytes -> 5.0391 

2017-05-29 17:04:31 ==========================
Total number of bytes -> 102.1224 
Number of free bytes -> 97.0833 
Number of busy bytes -> 5.0391 

2017-05-29 17:05:31 ==========================
Total number of bytes -> 102.1224 
Number of free bytes -> 97.0833 
Number of busy bytes -> 5.0391 

2017-05-29 17:06:31 ==========================
Total number of bytes -> 102.1224 
Number of free bytes -> 97.0833 
Number of busy bytes -> 5.0391 

2017-05-29 17:07:31 ==========================
Total number of bytes -> 102.1224 
Number of free bytes -> 97.0833 
Number of busy bytes -> 5.0391 

2017-05-29 17:08:31 ==========================
Total number of bytes -> 102.1224 
Number of free bytes -> 97.0833 
Number of busy bytes -> 5.0391 

2017-05-29 17:09:31 ==========================
Total number of bytes -> 102.1224 
Number of free bytes -> 97.0833 
Number of busy bytes -> 5.0391 

2017-05-29 17:10:31 ==========================
Total number of bytes -> 102.1224 
Number of free bytes -> 97.0833 
Number of busy bytes -> 5.0391 

2017-05-29 17:11:31 ==========================
Total number of bytes -> 102.1224 
Number of free bytes -> 97.0833 
Number of busy bytes -> 5.0391 

2017-05-29 17:12:31 ==========================
Total number of bytes -> 102.1224 
Number of free bytes -> 97.0833 
Number of busy bytes -> 5.0391 

2017-05-29 17:13:31 ==========================
Total number of bytes -> 102.1224 
Number of free bytes -> 97.0833 
Number of busy bytes -> 5.0391 

2017-05-29 17:14:31 ==========================
Total number of bytes -> 102.1224 
Number of free bytes -> 97.0833 
Number of busy bytes -> 5.0391 

2017-05-29 17:15:31 ==========================
Total number of bytes -> 102.1224 
Number of free bytes -> 97.0833 
Number of busy bytes -> 5.0391 

2017-05-29 17:16:31 ==========================
Total number of bytes -> 102.1224 
Number of free bytes -> 97.0833 
Number of busy bytes -> 5.0391 

2017-05-29 17:16:37 ==========================
Daemon Start
2017-05-29 17:16:37 ==========================
Total number of bytes -> 102.1224 
Number of free bytes -> 97.0833 
Number of busy bytes -> 5.0391 

2017-05-29 17:17:37 ==========================
Total number of bytes -> 102.1224 
Number of free bytes -> 97.0833 
Number of busy bytes -> 5.0391 

2017-05-29 17:18:37 ==========================
Total number of bytes -> 102.1224 
Number of free bytes -> 97.0833 
Number of busy bytes -> 5.0391 

2017-05-29 17:19:37 ==========================
Total number of bytes -> 102.1224 
Number of free bytes -> 97.0833 
Number of busy bytes -> 5.0391 

2017-05-29 17:20:37 ==========================
Total number of bytes -> 102.1224 
Number of free bytes -> 97.0833 
Number of busy bytes -> 5.0391 

2017-05-29 17:21:37 ==========================
Total number of bytes -> 102.1224 
Number of free bytes -> 97.0833 
Number of busy bytes -> 5.0391 

2017-05-29 17:22:37 ==========================
Total number of bytes -> 102.1224 
Number of free bytes -> 97.0833 
Number of busy bytes -> 5.0391 

2017-05-29 17:23:37 ==========================
Total number of bytes -> 102.1224 
Number of free bytes -> 97.0833 
Number of busy bytes -> 5.0391 

2017-05-29 17:24:37 ==========================
Total number of bytes -> 102.1224 
Number of free bytes -> 97.0833 
Number of busy bytes -> 5.0391 

2017-05-29 17:25:37 ==========================
Total number of bytes -> 102.1224 
Number of free bytes -> 97.0833 
Number of busy bytes -> 5.0391 

2017-05-29 17:26:37 ==========================
Total number of bytes -> 102.1224 
Number of free bytes -> 97.0833 
Number of busy bytes -> 5.0391 

2017-05-29 17:27:37 ==========================
Total number of bytes -> 102.1224 
Number of free bytes -> 97.0833 
Number of busy bytes -> 5.0391 

2017-05-29 17:28:37 ==========================
Total number of bytes -> 102.1224 
Number of free bytes -> 97.0833 
Number of busy bytes -> 5.0391 

2017-05-29 17:29:37 ==========================
Total number of bytes -> 102.1224 
Number of free bytes -> 97.0833 
Number of busy bytes -> 5.0391 

2017-05-29 17:30:37 ==========================
Total number of bytes -> 102.1224 
Number of free bytes -> 97.0833 
Number of busy bytes -> 5.0391 

2017-05-29 17:31:37 ==========================
Total number of bytes -> 102.1224 
Number of free bytes -> 97.0833 
Number of busy bytes -> 5.0391 

2017-05-29 17:32:37 ==========================
Total number of bytes -> 102.1224 
Number of free bytes -> 97.0833 
Number of busy bytes -> 5.0391 

2017-05-29 17:33:37 ==========================
Total number of bytes -> 102.1224 
Number of free bytes -> 97.0833 
Number of busy bytes -> 5.0391 

2017-05-29 17:34:37 ==========================
Total number of bytes -> 102.1224 
Number of free bytes -> 97.0833 
Number of busy bytes -> 5.0391 

2017-05-29 17:35:37 ==========================
Total number of bytes -> 102.1224 
Number of free bytes -> 97.0833 
Number of busy bytes -> 5.0391 

2017-05-29 17:36:37 ==========================
Total number of bytes -> 102.1224 
Number of free bytes -> 97.0833 
Number of busy bytes -> 5.0391 

2017-05-29 17:37:37 ==========================
Total number of bytes -> 102.1224 
Number of free bytes -> 97.0833 
Number of busy bytes -> 5.0391 

2017-05-29 17:38:37 ==========================
Total number of bytes -> 102.1224 
Number of free bytes -> 97.0833 
Number of busy bytes -> 5.0391 

2017-05-29 17:39:37 ==========================
Total number of bytes -> 102.1224 
Number of free bytes -> 97.0833 
Number of busy bytes -> 5.0391 

2017-05-29 17:40:37 ==========================
Total number of bytes -> 102.1224 
Number of free bytes -> 97.0833 
Number of busy bytes -> 5.0391 

2017-05-29 17:41:37 ==========================
Total number of bytes -> 102.1224 
Number of free bytes -> 97.0833 
Number of busy bytes -> 5.0391 

2017-05-29 17:42:37 ==========================
Total number of bytes -> 102.1224 
Number of free bytes -> 97.0833 
Number of busy bytes -> 5.0391 

2017-05-29 17:43:37 ==========================
Total number of bytes -> 102.1224 
Number of free bytes -> 97.0833 
Number of busy bytes -> 5.0391 

2017-05-29 17:44:37 ==========================
Total number of bytes -> 102.1224 
Number of free bytes -> 97.0833 
Number of busy bytes -> 5.0391 

2017-05-29 17:45:37 ==========================
Total number of bytes -> 102.1224 
Number of free bytes -> 97.0833 
Number of busy bytes -> 5.0391 

2017-05-29 17:46:37 ==========================
Total number of bytes -> 102.1224 
Number of free bytes -> 97.0833 
Number of busy bytes -> 5.0391 

2017-05-29 17:47:37 ==========================
Total number of bytes -> 102.1224 
Number of free bytes -> 97.0833 
Number of busy bytes -> 5.0391 

2017-05-29 17:48:37 ==========================
Total number of bytes -> 102.1224 
Number of free bytes -> 97.0833 
Number of busy bytes -> 5.0391 

2017-05-29 17:49:37 ==========================
Total number of bytes -> 102.1224 
Number of free bytes -> 97.0833 
Number of busy bytes -> 5.0391 

2017-05-29 17:50:37 ==========================
Total number of bytes -> 102.1224 
Number of free bytes -> 97.0833 
Number of busy bytes -> 5.0391 

2017-05-29 17:51:37 ==========================
Total number of bytes -> 102.1224 
Number of free bytes -> 97.0833 
Number of busy bytes -> 5.0391 

2017-05-29 17:52:37 ==========================
Total number of bytes -> 102.1224 
Number of free bytes -> 97.0833 
Number of busy bytes -> 5.0391 

2017-05-29 17:53:37 ==========================
Total number of bytes -> 102.1224 
Number of free bytes -> 97.0833 
Number of busy bytes -> 5.0391 

2017-05-29 17:54:37 ==========================
Total number of bytes -> 102.1224 
Number of free bytes -> 97.0832 
Number of busy bytes -> 5.0391 

2017-05-29 17:55:37 ==========================
Total number of bytes -> 102.1224 
Number of free bytes -> 97.0832 
Number of busy bytes -> 5.0391 

2017-05-29 17:56:37 ==========================
Total number of bytes -> 102.1224 
Number of free bytes -> 97.0832 
Number of busy bytes -> 5.0391 

2017-05-29 17:57:37 ==========================
Total number of bytes -> 102.1224 
Number of free bytes -> 97.0832 
Number of busy bytes -> 5.0391 

2017-05-29 17:58:37 ==========================
Total number of bytes -> 102.1224 
Number of free bytes -> 97.0832 
Number of busy bytes -> 5.0391 

2017-05-29 17:59:37 ==========================
Total number of bytes -> 102.1224 
Number of free bytes -> 97.0832 
Number of busy bytes -> 5.0391 

2017-05-29 18:00:37 ==========================
Total number of bytes -> 102.1224 
Number of free bytes -> 97.0832 
Number of busy bytes -> 5.0391 

2017-05-29 18:01:37 ==========================
Total number of bytes -> 102.1224 
Number of free bytes -> 97.0832 
Number of busy bytes -> 5.0391 

2017-05-29 18:02:47 ==========================
Total number of bytes -> 102.1224 
Number of free bytes -> 97.0832 
Number of busy bytes -> 5.0391 

2017-05-29 18:03:47 ==========================
Total number of bytes -> 102.1224 
Number of free bytes -> 97.0832 
Number of busy bytes -> 5.0391 

2017-05-29 18:04:47 ==========================
Total number of bytes -> 102.1224 
Number of free bytes -> 97.0832 
Number of busy bytes -> 5.0391 

2017-05-29 18:05:47 ==========================
Total number of bytes -> 102.1224 
Number of free bytes -> 97.0832 
Number of busy bytes -> 5.0391 

2017-05-29 18:06:47 ==========================
Total number of bytes -> 102.1224 
Number of free bytes -> 97.0832 
Number of busy bytes -> 5.0391 

2017-05-29 18:07:47 ==========================
Total number of bytes -> 102.1224 
Number of free bytes -> 97.0832 
Number of busy bytes -> 5.0391 

2017-05-29 18:08:47 ==========================
Total number of bytes -> 102.1224 
Number of free bytes -> 97.0832 
Number of busy bytes -> 5.0391 

2017-05-29 18:09:47 ==========================
Total number of bytes -> 102.1224 
Number of free bytes -> 97.0832 
Number of busy bytes -> 5.0391 

2017-05-29 18:10:47 ==========================
Total number of bytes -> 102.1224 
Number of free bytes -> 97.0832 
Number of busy bytes -> 5.0391 

2017-05-29 18:11:47 ==========================
Total number of bytes -> 102.1224 
Number of free bytes -> 97.0832 
Number of busy bytes -> 5.0391 

2017-05-29 18:12:47 ==========================
Total number of bytes -> 102.1224 
Number of free bytes -> 97.0832 
Number of busy bytes -> 5.0391 

2017-05-29 18:13:47 ==========================
Total number of bytes -> 102.1224 
Number of free bytes -> 97.0832 
Number of busy bytes -> 5.0391 

2017-05-29 18:14:47 ==========================
Total number of bytes -> 102.1224 
Number of free bytes -> 97.0832 
Number of busy bytes -> 5.0391 

2017-05-29 18:15:47 ==========================
Total number of bytes -> 102.1224 
Number of free bytes -> 97.0832 
Number of busy bytes -> 5.0391 

2017-05-29 18:16:52 ==========================
Daemon Start
2017-05-29 18:16:52 ==========================
Total number of bytes -> 102.1224 
Number of free bytes -> 97.0832 
Number of busy bytes -> 5.0391 

2017-05-29 18:17:52 ==========================
Total number of bytes -> 102.1224 
Number of free bytes -> 97.0832 
Number of busy bytes -> 5.0391 

2017-05-29 18:18:52 ==========================
Total number of bytes -> 102.1224 
Number of free bytes -> 97.0832 
Number of busy bytes -> 5.0391 

2017-05-29 18:19:52 ==========================
Total number of bytes -> 102.1224 
Number of free bytes -> 97.0832 
Number of busy bytes -> 5.0391 

2017-05-29 18:20:52 ==========================
Total number of bytes -> 102.1224 
Number of free bytes -> 97.0832 
Number of busy bytes -> 5.0391 

2017-05-29 18:21:52 ==========================
Total number of bytes -> 102.1224 
Number of free bytes -> 97.0832 
Number of busy bytes -> 5.0391 

2017-05-29 18:22:52 ==========================
Total number of bytes -> 102.1224 
Number of free bytes -> 97.0832 
Number of busy bytes -> 5.0391 

2017-05-29 18:23:52 ==========================
Total number of bytes -> 102.1224 
Number of free bytes -> 97.0832 
Number of busy bytes -> 5.0391 

2017-05-29 18:24:52 ==========================
Total number of bytes -> 102.1224 
Number of free bytes -> 97.0832 
Number of busy bytes -> 5.0391 

2017-05-29 18:25:52 ==========================
Total number of bytes -> 102.1224 
Number of free bytes -> 97.0832 
Number of busy bytes -> 5.0391 

2017-05-29 18:26:52 ==========================
Total number of bytes -> 102.1224 
Number of free bytes -> 97.0832 
Number of busy bytes -> 5.0391 

2017-05-29 18:27:52 ==========================
Total number of bytes -> 102.1224 
Number of free bytes -> 97.0832 
Number of busy bytes -> 5.0391 

2017-05-29 18:28:52 ==========================
Total number of bytes -> 102.1224 
Number of free bytes -> 97.0832 
Number of busy bytes -> 5.0391 

2017-05-29 18:29:52 ==========================
Total number of bytes -> 102.1224 
Number of free bytes -> 97.0832 
Number of busy bytes -> 5.0391 

2017-05-29 18:30:52 ==========================
Total number of bytes -> 102.1224 
Number of free bytes -> 97.0832 
Number of busy bytes -> 5.0391 

2017-05-29 18:31:52 ==========================
Total number of bytes -> 102.1224 
Number of free bytes -> 97.0832 
Number of busy bytes -> 5.0391 

2017-05-29 18:32:52 ==========================
Total number of bytes -> 102.1224 
Number of free bytes -> 97.0832 
Number of busy bytes -> 5.0391 

2017-05-29 18:33:52 ==========================
Total number of bytes -> 102.1224 
Number of free bytes -> 97.0833 
Number of busy bytes -> 5.0391 

2017-05-29 18:34:52 ==========================
Total number of bytes -> 102.1224 
Number of free bytes -> 97.0833 
Number of busy bytes -> 5.0391 

2017-05-29 18:35:52 ==========================
Total number of bytes -> 102.1224 
Number of free bytes -> 97.0832 
Number of busy bytes -> 5.0392 

2017-05-29 18:36:52 ==========================
Total number of bytes -> 102.1224 
Number of free bytes -> 97.0832 
Number of busy bytes -> 5.0392 

2017-05-29 18:37:52 ==========================
Total number of bytes -> 102.1224 
Number of free bytes -> 97.0832 
Number of busy bytes -> 5.0392 

2017-05-29 18:38:52 ==========================
Total number of bytes -> 102.1224 
Number of free bytes -> 97.0832 
Number of busy bytes -> 5.0392 

2017-05-29 18:39:52 ==========================
Total number of bytes -> 102.1224 
Number of free bytes -> 97.0832 
Number of busy bytes -> 5.0392 

2017-05-29 18:40:52 ==========================
Total number of bytes -> 102.1224 
Number of free bytes -> 97.0832 
Number of busy bytes -> 5.0392 

2017-05-29 18:41:52 ==========================
Total number of bytes -> 102.1224 
Number of free bytes -> 97.0832 
Number of busy bytes -> 5.0392 

2017-05-29 18:42:52 ==========================
Total number of bytes -> 102.1224 
Number of free bytes -> 97.0831 
Number of busy bytes -> 5.0392 

2017-05-29 18:43:52 ==========================
Total number of bytes -> 102.1224 
Number of free bytes -> 97.0831 
Number of busy bytes -> 5.0392 

2017-05-29 18:44:52 ==========================
Total number of bytes -> 102.1224 
Number of free bytes -> 97.0831 
Number of busy bytes -> 5.0392 

2017-05-29 18:45:52 ==========================
Total number of bytes -> 102.1224 
Number of free bytes -> 97.0831 
Number of busy bytes -> 5.0392 

2017-05-29 18:46:52 ==========================
Total number of bytes -> 102.1224 
Number of free bytes -> 97.0831 
Number of busy bytes -> 5.0392 

2017-05-29 18:47:52 ==========================
Total number of bytes -> 102.1224 
Number of free bytes -> 97.0832 
Number of busy bytes -> 5.0392 

2017-05-29 18:48:52 ==========================
Total number of bytes -> 102.1224 
Number of free bytes -> 97.0832 
Number of busy bytes -> 5.0392 

2017-05-29 18:49:52 ==========================
Total number of bytes -> 102.1224 
Number of free bytes -> 97.0832 
Number of busy bytes -> 5.0392 

2017-05-29 18:50:52 ==========================
Total number of bytes -> 102.1224 
Number of free bytes -> 97.0832 
Number of busy bytes -> 5.0392 

2017-05-29 18:51:52 ==========================
Total number of bytes -> 102.1224 
Number of free bytes -> 97.0832 
Number of busy bytes -> 5.0392 

2017-05-29 18:52:52 ==========================
Total number of bytes -> 102.1224 
Number of free bytes -> 97.0832 
Number of busy bytes -> 5.0392 

2017-05-29 18:53:52 ==========================
Total number of bytes -> 102.1224 
Number of free bytes -> 97.0832 
Number of busy bytes -> 5.0392 

2017-05-29 18:54:52 ==========================
Total number of bytes -> 102.1224 
Number of free bytes -> 97.0832 
Number of busy bytes -> 5.0392 

2017-05-29 18:55:52 ==========================
Total number of bytes -> 102.1224 
Number of free bytes -> 97.0832 
Number of busy bytes -> 5.0392 

2017-05-29 18:56:52 ==========================
Total number of bytes -> 102.1224 
Number of free bytes -> 97.0832 
Number of busy bytes -> 5.0392 

2017-05-29 18:57:52 ==========================
Total number of bytes -> 102.1224 
Number of free bytes -> 97.0832 
Number of busy bytes -> 5.0392 

2017-05-29 18:58:52 ==========================
Total number of bytes -> 102.1224 
Number of free bytes -> 97.0832 
Number of busy bytes -> 5.0392 

2017-05-29 18:59:52 ==========================
Total number of bytes -> 102.1224 
Number of free bytes -> 97.0832 
Number of busy bytes -> 5.0392 

2017-05-29 19:00:52 ==========================
Total number of bytes -> 102.1224 
Number of free bytes -> 97.0832 
Number of busy bytes -> 5.0392 

2017-05-29 19:01:52 ==========================
Total number of bytes -> 102.1224 
Number of free bytes -> 97.0832 
Number of busy bytes -> 5.0392 

2017-05-29 19:02:52 ==========================
Total number of bytes -> 102.1224 
Number of free bytes -> 97.0832 
Number of busy bytes -> 5.0392 

2017-05-29 19:03:52 ==========================
Total number of bytes -> 102.1224 
Number of free bytes -> 97.0832 
Number of busy bytes -> 5.0392 

2017-05-29 19:04:52 ==========================
Total number of bytes -> 102.1224 
Number of free bytes -> 97.0832 
Number of busy bytes -> 5.0392 

2017-05-29 19:05:52 ==========================
Total number of bytes -> 102.1224 
Number of free bytes -> 97.0831 
Number of busy bytes -> 5.0392 

2017-05-29 19:06:52 ==========================
Total number of bytes -> 102.1224 
Number of free bytes -> 97.0831 
Number of busy bytes -> 5.0392 

2017-05-29 19:07:52 ==========================
Total number of bytes -> 102.1224 
Number of free bytes -> 97.0831 
Number of busy bytes -> 5.0392 

2017-05-29 19:08:52 ==========================
Total number of bytes -> 102.1224 
Number of free bytes -> 97.0831 
Number of busy bytes -> 5.0392 

2017-05-29 19:09:52 ==========================
Total number of bytes -> 102.1224 
Number of free bytes -> 97.0831 
Number of busy bytes -> 5.0392 

2017-05-29 19:10:52 ==========================
Total number of bytes -> 102.1224 
Number of free bytes -> 97.0831 
Number of busy bytes -> 5.0392 

2017-05-29 19:11:52 ==========================
Total number of bytes -> 102.1224 
Number of free bytes -> 97.0831 
Number of busy bytes -> 5.0392 

2017-05-29 19:12:52 ==========================
Total number of bytes -> 102.1224 
Number of free bytes -> 97.0831 
Number of busy bytes -> 5.0392 

2017-05-29 19:13:52 ==========================
Total number of bytes -> 102.1224 
Number of free bytes -> 97.0831 
Number of busy bytes -> 5.0392 

2017-05-29 19:14:52 ==========================
Total number of bytes -> 102.1224 
Number of free bytes -> 97.0831 
Number of busy bytes -> 5.0392 

2017-05-29 19:15:52 ==========================
Total number of bytes -> 102.1224 
Number of free bytes -> 97.0831 
Number of busy bytes -> 5.0392 

2017-05-29 19:16:52 ==========================
Total number of bytes -> 102.1224 
Number of free bytes -> 97.0831 
Number of busy bytes -> 5.0392 

2017-05-29 19:16:57 ==========================
Daemon Start
2017-05-29 19:16:57 ==========================
Total number of bytes -> 102.1224 
Number of free bytes -> 97.0831 
Number of busy bytes -> 5.0392 

2017-05-29 19:17:57 ==========================
Total number of bytes -> 102.1224 
Number of free bytes -> 97.0831 
Number of busy bytes -> 5.0392 

2017-05-29 19:18:57 ==========================
Total number of bytes -> 102.1224 
Number of free bytes -> 97.0831 
Number of busy bytes -> 5.0392 

2017-05-29 19:19:57 ==========================
Total number of bytes -> 102.1224 
Number of free bytes -> 97.0831 
Number of busy bytes -> 5.0392 

2017-05-29 19:20:57 ==========================
Total number of bytes -> 102.1224 
Number of free bytes -> 97.0831 
Number of busy bytes -> 5.0392 

2017-05-29 19:21:57 ==========================
Total number of bytes -> 102.1224 
Number of free bytes -> 97.0831 
Number of busy bytes -> 5.0392 

2017-05-29 19:22:57 ==========================
Total number of bytes -> 102.1224 
Number of free bytes -> 97.0831 
Number of busy bytes -> 5.0392 

2017-05-29 19:23:57 ==========================
Total number of bytes -> 102.1224 
Number of free bytes -> 97.0831 
Number of busy bytes -> 5.0392 

2017-05-29 19:24:57 ==========================
Total number of bytes -> 102.1224 
Number of free bytes -> 97.0831 
Number of busy bytes -> 5.0392 

2017-05-29 19:25:57 ==========================
Total number of bytes -> 102.1224 
Number of free bytes -> 97.0831 
Number of busy bytes -> 5.0392 

2017-05-29 19:26:57 ==========================
Total number of bytes -> 102.1224 
Number of free bytes -> 97.0831 
Number of busy bytes -> 5.0393 

2017-05-29 19:27:57 ==========================
Total number of bytes -> 102.1224 
Number of free bytes -> 97.0831 
Number of busy bytes -> 5.0392 

2017-05-29 19:28:57 ==========================
Total number of bytes -> 102.1224 
Number of free bytes -> 97.0831 
Number of busy bytes -> 5.0392 

2017-05-29 19:29:57 ==========================
Total number of bytes -> 102.1224 
Number of free bytes -> 97.0831 
Number of busy bytes -> 5.0393 

2017-05-29 19:30:57 ==========================
Total number of bytes -> 102.1224 
Number of free bytes -> 97.0831 
Number of busy bytes -> 5.0393 

2017-05-29 19:31:57 ==========================
Total number of bytes -> 102.1224 
Number of free bytes -> 97.0831 
Number of busy bytes -> 5.0393 

2017-05-29 19:32:57 ==========================
Total number of bytes -> 102.1224 
Number of free bytes -> 97.0831 
Number of busy bytes -> 5.0392 

2017-05-29 19:33:57 ==========================
Total number of bytes -> 102.1224 
Number of free bytes -> 97.0831 
Number of busy bytes -> 5.0392 

2017-05-29 19:34:57 ==========================
Total number of bytes -> 102.1224 
Number of free bytes -> 97.0831 
Number of busy bytes -> 5.0393 

2017-05-29 19:35:57 ==========================
Total number of bytes -> 102.1224 
Number of free bytes -> 97.0831 
Number of busy bytes -> 5.0393 

2017-05-29 19:36:57 ==========================
Total number of bytes -> 102.1224 
Number of free bytes -> 97.0831 
Number of busy bytes -> 5.0393 

2017-05-29 19:37:57 ==========================
Total number of bytes -> 102.1224 
Number of free bytes -> 97.0831 
Number of busy bytes -> 5.0393 

2017-05-29 19:38:57 ==========================
Total number of bytes -> 102.1224 
Number of free bytes -> 97.0831 
Number of busy bytes -> 5.0393 

2017-05-29 19:39:57 ==========================
Total number of bytes -> 102.1224 
Number of free bytes -> 97.0831 
Number of busy bytes -> 5.0393 

2017-05-29 19:40:57 ==========================
Total number of bytes -> 102.1224 
Number of free bytes -> 97.0831 
Number of busy bytes -> 5.0393 

2017-05-29 19:41:57 ==========================
Total number of bytes -> 102.1224 
Number of free bytes -> 97.0831 
Number of busy bytes -> 5.0393 

2017-05-29 19:42:57 ==========================
Total number of bytes -> 102.1224 
Number of free bytes -> 97.0831 
Number of busy bytes -> 5.0393 

2017-05-29 19:43:57 ==========================
Total number of bytes -> 102.1224 
Number of free bytes -> 97.0831 
Number of busy bytes -> 5.0393 

2017-05-29 19:44:57 ==========================
Total number of bytes -> 102.1224 
Number of free bytes -> 97.0831 
Number of busy bytes -> 5.0393 

2017-05-29 19:45:57 ==========================
Total number of bytes -> 102.1224 
Number of free bytes -> 97.0831 
Number of busy bytes -> 5.0393 

2017-05-29 19:46:57 ==========================
Total number of bytes -> 102.1224 
Number of free bytes -> 97.0831 
Number of busy bytes -> 5.0393 

2017-05-29 19:47:57 ==========================
Total number of bytes -> 102.1224 
Number of free bytes -> 97.0831 
Number of busy bytes -> 5.0393 

2017-05-29 19:48:57 ==========================
Total number of bytes -> 102.1224 
Number of free bytes -> 97.0831 
Number of busy bytes -> 5.0393 

2017-05-29 19:49:57 ==========================
Total number of bytes -> 102.1224 
Number of free bytes -> 97.0831 
Number of busy bytes -> 5.0393 

2017-05-29 19:50:57 ==========================
Total number of bytes -> 102.1224 
Number of free bytes -> 97.0831 
Number of busy bytes -> 5.0393 

2017-05-29 19:51:57 ==========================
Total number of bytes -> 102.1224 
Number of free bytes -> 97.0831 
Number of busy bytes -> 5.0393 

2017-05-29 19:52:57 ==========================
Total number of bytes -> 102.1224 
Number of free bytes -> 97.0831 
Number of busy bytes -> 5.0393 

2017-05-29 19:53:57 ==========================
Total number of bytes -> 102.1224 
Number of free bytes -> 97.0830 
Number of busy bytes -> 5.0394 

2017-05-29 19:54:57 ==========================
Total number of bytes -> 102.1224 
Number of free bytes -> 97.0829 
Number of busy bytes -> 5.0394 

2017-05-29 19:55:57 ==========================
Total number of bytes -> 102.1224 
Number of free bytes -> 97.0829 
Number of busy bytes -> 5.0394 

2017-05-29 19:56:57 ==========================
Total number of bytes -> 102.1224 
Number of free bytes -> 97.0829 
Number of busy bytes -> 5.0394 

2017-05-29 19:57:57 ==========================
Total number of bytes -> 102.1224 
Number of free bytes -> 97.0830 
Number of busy bytes -> 5.0394 

2017-05-29 19:58:57 ==========================
Total number of bytes -> 102.1224 
Number of free bytes -> 97.0830 
Number of busy bytes -> 5.0394 

2017-05-29 19:59:57 ==========================
Total number of bytes -> 102.1224 
Number of free bytes -> 97.0830 
Number of busy bytes -> 5.0394 

2017-05-29 20:00:57 ==========================
Total number of bytes -> 102.1224 
Number of free bytes -> 97.0830 
Number of busy bytes -> 5.0394 

2017-05-29 20:01:57 ==========================
Total number of bytes -> 102.1224 
Number of free bytes -> 97.0830 
Number of busy bytes -> 5.0394 

2017-05-29 20:02:57 ==========================
Total number of bytes -> 102.1224 
Number of free bytes -> 97.0829 
Number of busy bytes -> 5.0394 

2017-05-29 20:03:57 ==========================
Total number of bytes -> 102.1224 
Number of free bytes -> 97.0829 
Number of busy bytes -> 5.0394 

2017-05-29 20:04:57 ==========================
Total number of bytes -> 102.1224 
Number of free bytes -> 97.0829 
Number of busy bytes -> 5.0394 

2017-05-29 20:05:57 ==========================
Total number of bytes -> 102.1224 
Number of free bytes -> 97.0829 
Number of busy bytes -> 5.0394 

2017-05-29 20:06:57 ==========================
Total number of bytes -> 102.1224 
Number of free bytes -> 97.0829 
Number of busy bytes -> 5.0394 

2017-05-29 20:07:57 ==========================
Total number of bytes -> 102.1224 
Number of free bytes -> 97.0829 
Number of busy bytes -> 5.0394 

2017-05-29 20:08:57 ==========================
Total number of bytes -> 102.1224 
Number of free bytes -> 97.0829 
Number of busy bytes -> 5.0394 

2017-05-29 20:09:57 ==========================
Total number of bytes -> 102.1224 
Number of free bytes -> 97.0829 
Number of busy bytes -> 5.0394 

2017-05-29 20:10:57 ==========================
Total number of bytes -> 102.1224 
Number of free bytes -> 97.0829 
Number of busy bytes -> 5.0394 

2017-05-29 20:11:57 ==========================
Total number of bytes -> 102.1224 
Number of free bytes -> 97.0829 
Number of busy bytes -> 5.0394 

2017-05-29 20:12:57 ==========================
Total number of bytes -> 102.1224 
Number of free bytes -> 97.0829 
Number of busy bytes -> 5.0394 

2017-05-29 20:13:57 ==========================
Total number of bytes -> 102.1224 
Number of free bytes -> 97.0829 
Number of busy bytes -> 5.0394 

2017-05-29 20:14:57 ==========================
Total number of bytes -> 102.1224 
Number of free bytes -> 97.0829 
Number of busy bytes -> 5.0394 

2017-05-29 20:15:57 ==========================
Total number of bytes -> 102.1224 
Number of free bytes -> 97.0829 
Number of busy bytes -> 5.0394 

2017-05-29 20:16:57 ==========================
Total number of bytes -> 102.1224 
Number of free bytes -> 97.0829 
Number of busy bytes -> 5.0394 

2017-05-29 20:17:03 ==========================
Daemon Start
2017-05-29 20:17:03 ==========================
Total number of bytes -> 102.1224 
Number of free bytes -> 97.0829 
Number of busy bytes -> 5.0394 

2017-05-29 20:18:03 ==========================
Total number of bytes -> 102.1224 
Number of free bytes -> 97.0829 
Number of busy bytes -> 5.0394 

2017-05-29 20:19:03 ==========================
Total number of bytes -> 102.1224 
Number of free bytes -> 97.0829 
Number of busy bytes -> 5.0394 

2017-05-29 20:20:03 ==========================
Total number of bytes -> 102.1224 
Number of free bytes -> 97.0829 
Number of busy bytes -> 5.0394 

2017-05-29 20:21:03 ==========================
Total number of bytes -> 102.1224 
Number of free bytes -> 97.0829 
Number of busy bytes -> 5.0394 

2017-05-29 20:22:03 ==========================
Total number of bytes -> 102.1224 
Number of free bytes -> 97.0829 
Number of busy bytes -> 5.0394 

2017-05-29 20:23:03 ==========================
Total number of bytes -> 102.1224 
Number of free bytes -> 97.0829 
Number of busy bytes -> 5.0394 

2017-05-29 20:24:03 ==========================
Total number of bytes -> 102.1224 
Number of free bytes -> 97.0829 
Number of busy bytes -> 5.0394 

2017-05-29 20:25:03 ==========================
Total number of bytes -> 102.1224 
Number of free bytes -> 97.0829 
Number of busy bytes -> 5.0394 

2017-05-29 20:26:03 ==========================
Total number of bytes -> 102.1224 
Number of free bytes -> 97.0829 
Number of busy bytes -> 5.0394 

2017-05-29 20:27:03 ==========================
Total number of bytes -> 102.1224 
Number of free bytes -> 97.0829 
Number of busy bytes -> 5.0394 

2017-05-29 20:28:03 ==========================
Total number of bytes -> 102.1224 
Number of free bytes -> 97.0829 
Number of busy bytes -> 5.0394 

2017-05-29 20:29:03 ==========================
Total number of bytes -> 102.1224 
Number of free bytes -> 97.0829 
Number of busy bytes -> 5.0394 

2017-05-29 20:30:03 ==========================
Total number of bytes -> 102.1224 
Number of free bytes -> 97.0829 
Number of busy bytes -> 5.0394 

2017-05-29 20:31:03 ==========================
Total number of bytes -> 102.1224 
Number of free bytes -> 97.0829 
Number of busy bytes -> 5.0394 

2017-05-29 20:32:03 ==========================
Total number of bytes -> 102.1224 
Number of free bytes -> 97.0829 
Number of busy bytes -> 5.0394 

2017-05-29 20:33:03 ==========================
Total number of bytes -> 102.1224 
Number of free bytes -> 97.0829 
Number of busy bytes -> 5.0394 

2017-05-29 20:34:03 ==========================
Total number of bytes -> 102.1224 
Number of free bytes -> 97.0829 
Number of busy bytes -> 5.0394 

2017-05-29 20:35:03 ==========================
Total number of bytes -> 102.1224 
Number of free bytes -> 97.0829 
Number of busy bytes -> 5.0394 

2017-05-29 20:36:03 ==========================
Total number of bytes -> 102.1224 
Number of free bytes -> 97.0829 
Number of busy bytes -> 5.0394 

2017-05-29 20:37:03 ==========================
Total number of bytes -> 102.1224 
Number of free bytes -> 97.0829 
Number of busy bytes -> 5.0394 

2017-05-29 20:38:03 ==========================
Total number of bytes -> 102.1224 
Number of free bytes -> 97.0829 
Number of busy bytes -> 5.0394 

2017-05-29 20:39:03 ==========================
Total number of bytes -> 102.1224 
Number of free bytes -> 97.0829 
Number of busy bytes -> 5.0394 

2017-05-29 20:40:03 ==========================
Total number of bytes -> 102.1224 
Number of free bytes -> 97.0829 
Number of busy bytes -> 5.0395 

2017-05-29 20:41:03 ==========================
Total number of bytes -> 102.1224 
Number of free bytes -> 97.0829 
Number of busy bytes -> 5.0395 

2017-05-29 20:42:03 ==========================
Total number of bytes -> 102.1224 
Number of free bytes -> 97.0829 
Number of busy bytes -> 5.0394 

2017-05-29 20:43:03 ==========================
Total number of bytes -> 102.1224 
Number of free bytes -> 97.0829 
Number of busy bytes -> 5.0394 

2017-05-29 20:44:03 ==========================
Total number of bytes -> 102.1224 
Number of free bytes -> 97.0829 
Number of busy bytes -> 5.0394 

2017-05-29 20:45:03 ==========================
Total number of bytes -> 102.1224 
Number of free bytes -> 97.0829 
Number of busy bytes -> 5.0394 

2017-05-29 20:46:03 ==========================
Total number of bytes -> 102.1224 
Number of free bytes -> 97.0829 
Number of busy bytes -> 5.0394 

2017-05-29 20:47:03 ==========================
Total number of bytes -> 102.1224 
Number of free bytes -> 97.0829 
Number of busy bytes -> 5.0394 

2017-05-29 20:48:07 ==========================
Total number of bytes -> 102.1224 
Number of free bytes -> 97.0829 
Number of busy bytes -> 5.0394 

2017-05-29 20:49:07 ==========================
Total number of bytes -> 102.1224 
Number of free bytes -> 97.0829 
Number of busy bytes -> 5.0394 

2017-05-29 20:50:07 ==========================
Total number of bytes -> 102.1224 
Number of free bytes -> 97.0829 
Number of busy bytes -> 5.0394 

2017-05-29 20:51:07 ==========================
Total number of bytes -> 102.1224 
Number of free bytes -> 97.0829 
Number of busy bytes -> 5.0394 

2017-05-29 20:52:07 ==========================
Total number of bytes -> 102.1224 
Number of free bytes -> 97.0829 
Number of busy bytes -> 5.0394 

2017-05-29 20:53:07 ==========================
Total number of bytes -> 102.1224 
Number of free bytes -> 97.0829 
Number of busy bytes -> 5.0394 

